<?xml version="1.0" encoding="UTF-8"?>
<!-- Generated by org.testng.reporters.JUnitReportReporter -->
<testsuite hostname="DESKTOP-6RF1UHU" failures="0" tests="9" name="api.test.DDTests" time="14.855" errors="0" timestamp="2023-11-12T13:02:55 IST" skipped="0">
  <testcase classname="api.test.DDTests" name="testPostUser" time="5.156"/>
  <system-out/>
  <testcase classname="api.test.DDTests" name="testPostUser" time="1.216"/>
  <system-out/>
  <testcase classname="api.test.DDTests" name="testPostUser" time="1.189"/>
  <system-out/>
  <testcase classname="api.test.DDTests" name="testgetUserbyUserName" time="1.179"/>
  <system-out/>
  <testcase classname="api.test.DDTests" name="testgetUserbyUserName" time="1.242"/>
  <system-out/>
  <testcase classname="api.test.DDTests" name="testgetUserbyUserName" time="1.263"/>
  <system-out/>
  <testcase classname="api.test.DDTests" name="testDeleteUserbyName" time="1.230"/>
  <system-out/>
  <testcase classname="api.test.DDTests" name="testDeleteUserbyName" time="1.216"/>
  <system-out/>
  <testcase classname="api.test.DDTests" name="testDeleteUserbyName" time="1.164"/>
  <system-out/>
</testsuite> <!-- api.test.DDTests -->
