<?xml version="1.0" encoding="UTF-8"?>
<!-- Generated by org.testng.reporters.JUnitReportReporter -->
<testsuite hostname="DESKTOP-6RF1UHU" failures="0" tests="4" name="api.test.UserTests" time="9.352" errors="0" timestamp="2023-11-13T16:35:35 IST" skipped="0">
  <testcase classname="api.test.UserTests" name="testPostUser" time="3.531"/>
  <system-out/>
  <testcase classname="api.test.UserTests" name="testGetUserbyName" time="1.431"/>
  <system-out/>
  <testcase classname="api.test.UserTests" name="testUpdateUserbyName" time="2.939"/>
  <system-out/>
  <testcase classname="api.test.UserTests" name="testDeleteUserbyName" time="1.451"/>
  <system-out/>
</testsuite> <!-- api.test.UserTests -->
