<?xml version="1.0" encoding="UTF-8"?>
<!-- Generated by org.testng.reporters.JUnitReportReporter -->
<testsuite hostname="DESKTOP-6RF1UHU" failures="0" tests="4" name="api.test.UserTests2" time="7.454" errors="0" timestamp="2023-11-13T17:16:36 IST" skipped="0">
  <testcase classname="api.test.UserTests2" name="testPostUser" time="2.650"/>
  <system-out/>
  <testcase classname="api.test.UserTests2" name="testGetUserbyName" time="1.236"/>
  <system-out/>
  <testcase classname="api.test.UserTests2" name="testUpdateUserbyName" time="2.393"/>
  <system-out/>
  <testcase classname="api.test.UserTests2" name="testDeleteUserbyName" time="1.175"/>
  <system-out/>
</testsuite> <!-- api.test.UserTests2 -->
