<?xml version="1.0" encoding="UTF-8"?>
<!-- Generated by org.testng.reporters.JUnitReportReporter -->
<testsuite hostname="DESKTOP-6RF1UHU" failures="0" tests="4" name="api.test.UserTests2" time="7.676" errors="0" timestamp="2023-11-14T11:14:53 IST" skipped="0">
  <testcase classname="api.test.UserTests2" name="testPostUser" time="2.743"/>
  <system-out/>
  <testcase classname="api.test.UserTests2" name="testGetUserbyName" time="1.304"/>
  <system-out/>
  <testcase classname="api.test.UserTests2" name="testUpdateUserbyName" time="2.447"/>
  <system-out/>
  <testcase classname="api.test.UserTests2" name="testDeleteUserbyName" time="1.182"/>
  <system-out/>
</testsuite> <!-- api.test.UserTests2 -->
